[1/11] cl /c /Zp8 /GR /W3 /EHs /nologo /MD /D_CRT_SECURE_NO_DEPRECATE /D_SCL_SECURE_NO_DEPRECATE /D_SECURE_SCL=0   /DMATLAB_MEX_FILE  /DMATLAB_MEX_FILE /O2 /Oy- /DNDEBUG /fp:strict /I "." /I "C:\Users\alema\Downloads\AAR2021-master(1)\AAR2021-master\Exercise 7" /I "C:\Program Files\MATLAB\R2020a\extern\include" /I ".\interface" /I "." -DMODEL=squareDetect_mex   squareDetect_data.c /Fobuild\win64\squareDetect_data.obj
squareDetect_data.c
[2/11] cl /c /Zp8 /GR /W3 /EHs /nologo /MD /D_CRT_SECURE_NO_DEPRECATE /D_SCL_SECURE_NO_DEPRECATE /D_SECURE_SCL=0   /DMATLAB_MEX_FILE  /DMATLAB_MEX_FILE /O2 /Oy- /DNDEBUG /fp:strict /I "." /I "C:\Users\alema\Downloads\AAR2021-master(1)\AAR2021-master\Exercise 7" /I "C:\Program Files\MATLAB\R2020a\extern\include" /I ".\interface" /I "." -DMODEL=squareDetect_mex   rt_nonfinite.c /Fobuild\win64\rt_nonfinite.obj
rt_nonfinite.c
[3/11] cl /c /Zp8 /GR /W3 /EHs /nologo /MD /D_CRT_SECURE_NO_DEPRECATE /D_SCL_SECURE_NO_DEPRECATE /D_SECURE_SCL=0   /DMATLAB_MEX_FILE  /DMATLAB_MEX_FILE /O2 /Oy- /DNDEBUG /fp:strict /I "." /I "C:\Users\alema\Downloads\AAR2021-master(1)\AAR2021-master\Exercise 7" /I "C:\Program Files\MATLAB\R2020a\extern\include" /I ".\interface" /I "." -DMODEL=squareDetect_mex   squareDetect_initialize.c /Fobuild\win64\squareDetect_initialize.obj
squareDetect_initialize.c
[4/11] cl /c /Zp8 /GR /W3 /EHs /nologo /MD /D_CRT_SECURE_NO_DEPRECATE /D_SCL_SECURE_NO_DEPRECATE /D_SECURE_SCL=0   /DMATLAB_MEX_FILE  /DMATLAB_MEX_FILE /O2 /Oy- /DNDEBUG /fp:strict /I "." /I "C:\Users\alema\Downloads\AAR2021-master(1)\AAR2021-master\Exercise 7" /I "C:\Program Files\MATLAB\R2020a\extern\include" /I ".\interface" /I "." -DMODEL=squareDetect_mex   squareDetect_terminate.c /Fobuild\win64\squareDetect_terminate.obj
squareDetect_terminate.c
[5/11] cl /c /Zp8 /GR /W3 /EHs /nologo /MD /D_CRT_SECURE_NO_DEPRECATE /D_SCL_SECURE_NO_DEPRECATE /D_SECURE_SCL=0   /DMATLAB_MEX_FILE  /DMATLAB_MEX_FILE /O2 /Oy- /DNDEBUG /fp:strict /I "." /I "C:\Users\alema\Downloads\AAR2021-master(1)\AAR2021-master\Exercise 7" /I "C:\Program Files\MATLAB\R2020a\extern\include" /I ".\interface" /I "." -DMODEL=squareDetect_mex   interface\_coder_squareDetect_info.c /Fobuild\win64\_coder_squareDetect_info.obj
_coder_squareDetect_info.c
[6/11] cl /c /Zp8 /GR /W3 /EHs /nologo /MD /D_CRT_SECURE_NO_DEPRECATE /D_SCL_SECURE_NO_DEPRECATE /D_SECURE_SCL=0   /DMATLAB_MEX_FILE  /DMATLAB_MEX_FILE /O2 /Oy- /DNDEBUG /fp:strict /I "." /I "C:\Users\alema\Downloads\AAR2021-master(1)\AAR2021-master\Exercise 7" /I "C:\Program Files\MATLAB\R2020a\extern\include" /I ".\interface" /I "." -DMODEL=squareDetect_mex   squareDetect.c /Fobuild\win64\squareDetect.obj
squareDetect.c
[7/11] cl /c /Zp8 /GR /W3 /EHs /nologo /MD /D_CRT_SECURE_NO_DEPRECATE /D_SCL_SECURE_NO_DEPRECATE /D_SECURE_SCL=0   /DMATLAB_MEX_FILE  /DMATLAB_MEX_FILE /O2 /Oy- /DNDEBUG /fp:strict /I "." /I "C:\Users\alema\Downloads\AAR2021-master(1)\AAR2021-master\Exercise 7" /I "C:\Program Files\MATLAB\R2020a\extern\include" /I ".\interface" /I "." -DMODEL=squareDetect_mex   "C:\Program Files\MATLAB\R2020a\extern\version\c_mexapi_version.c" /Fobuild\win64\c_mexapi_version.obj
c_mexapi_version.c
[8/11] cl /c /Zp8 /GR /W3 /EHs /nologo /MD /D_CRT_SECURE_NO_DEPRECATE /D_SCL_SECURE_NO_DEPRECATE /D_SECURE_SCL=0   /DMATLAB_MEX_FILE  /DMATLAB_MEX_FILE /O2 /Oy- /DNDEBUG /fp:strict /I "." /I "C:\Users\alema\Downloads\AAR2021-master(1)\AAR2021-master\Exercise 7" /I "C:\Program Files\MATLAB\R2020a\extern\include" /I ".\interface" /I "." -DMODEL=squareDetect_mex   interface\_coder_squareDetect_mex.c /Fobuild\win64\_coder_squareDetect_mex.obj
_coder_squareDetect_mex.c
[9/11] cl /c /Zp8 /GR /W3 /EHs /nologo /MD /D_CRT_SECURE_NO_DEPRECATE /D_SCL_SECURE_NO_DEPRECATE /D_SECURE_SCL=0   /DMATLAB_MEX_FILE  /DMATLAB_MEX_FILE /O2 /Oy- /DNDEBUG /fp:strict /I "." /I "C:\Users\alema\Downloads\AAR2021-master(1)\AAR2021-master\Exercise 7" /I "C:\Program Files\MATLAB\R2020a\extern\include" /I ".\interface" /I "." -DMODEL=squareDetect_mex   interface\_coder_squareDetect_api.c /Fobuild\win64\_coder_squareDetect_api.obj
_coder_squareDetect_api.c
[10/11] cl /c /Zp8 /GR /W3 /EHs /nologo /MD /D_CRT_SECURE_NO_DEPRECATE /D_SCL_SECURE_NO_DEPRECATE /D_SECURE_SCL=0   /DMATLAB_MEX_FILE  /DMATLAB_MEX_FILE /O2 /Oy- /DNDEBUG /fp:strict /I "." /I "C:\Users\alema\Downloads\AAR2021-master(1)\AAR2021-master\Exercise 7" /I "C:\Program Files\MATLAB\R2020a\extern\include" /I ".\interface" /I "." -DMODEL=squareDetect_mex   squareDetect_emxutil.c /Fobuild\win64\squareDetect_emxutil.obj
squareDetect_emxutil.c
[11/11] link @squareDetect_mex.mexw64.rsp /nologo /manifest   /DLL /LIBPATH:"C:\Program Files\MATLAB\R2020a\extern\lib\win64\microsoft" libmx.lib libmex.lib libmat.lib kernel32.lib user32.lib gdi32.lib winspool.lib comdlg32.lib advapi32.lib shell32.lib ole32.lib oleaut32.lib uuid.lib odbc32.lib odbccp32.lib  /out:"squareDetect_mex.mexw64" /LIBPATH:"C:\Program Files\MATLAB\R2020a\extern\lib\win64\microsoft" libmwblas.lib libemlrt.lib libcovrt.lib libut.lib libmwmathutil.lib  "C:\Program Files\MATLAB\R2020a\extern\lib\win64\microsoft\libmwippfilter.lib" "C:\Program Files\MATLAB\R2020a\extern\lib\win64\microsoft\libmwimfilter.lib" /export:mexFunction /export:mexfilerequiredapiversion /export:emlrtMexFcnProperties /export:squareDetect_initialize /export:squareDetect_terminate /export:squareDetect_atexit /export:squareDetect /export:emxEnsureCapacity_real_T /export:emxEnsureCapacity_int32_T /export:emxEnsureCapacity_uint32_T /export:emxInit_real_T /export:emxFree_real_T /export:emxInit_int32_T /export:emxFree_int32_T /export:emxInit_uint32_T /export:emxFree_uint32_T
   Creating library squareDetect_mex.lib and object squareDetect_mex.exp
